[debug] [2022-07-30T09:50:01.784Z] ----------------------------------------------------------------------
[debug] [2022-07-30T09:50:01.786Z] Command:       D:\node.exe D:\React Projects\AmazonClone\Amazon_Clone\functions\node_modules\firebase-tools\lib\bin\firebase.js emulators:start
[debug] [2022-07-30T09:50:01.787Z] CLI Version:   11.4.0
[debug] [2022-07-30T09:50:01.787Z] Platform:      win32
[debug] [2022-07-30T09:50:01.787Z] Node Version:  v16.14.0
[debug] [2022-07-30T09:50:01.917Z] Time:          Sat Jul 30 2022 17:50:01 GMT+0800 (GMT+08:00)
[debug] [2022-07-30T09:50:01.918Z] ----------------------------------------------------------------------
[debug] 
[debug] [2022-07-30T09:50:02.057Z] > command requires scopes: ["email","openid","https://www.googleapis.com/auth/cloudplatformprojects.readonly","https://www.googleapis.com/auth/firebase","https://www.googleapis.com/auth/cloud-platform"]
[debug] [2022-07-30T09:50:02.058Z] > authorizing via signed-in user (hanlong2102@gmail.com)
[info] i  emulators: Starting emulators: functions, hosting {"metadata":{"emulator":{"name":"hub"},"message":"Starting emulators: functions, hosting"}}
[warn] !  emulators: It seems that you are running multiple instances of the emulator suite for project clone-53496. This may result in unexpected behavior. 
[debug] [2022-07-30T09:50:02.235Z] [hub] writing locator at C:\Users\HanLo\AppData\Local\Temp\hub-clone-53496.json
[warn] !  functions: The following emulators are not running, calls to these services from the Functions emulator will affect production: auth, firestore, database, pubsub, storage {"metadata":{"emulator":{"name":"functions"},"message":"The following emulators are not running, calls to these services from the Functions emulator will affect production: \u001b[1mauth, firestore, database, pubsub, storage\u001b[22m"}}
[info] +  functions: Using node@16 from host. {"metadata":{"emulator":{"name":"functions"},"message":"Using node@16 from host."}}
[debug] [2022-07-30T09:50:02.819Z] defaultcredentials: writing to file C:\Users\HanLo\AppData\Roaming\firebase\hanlong2102_gmail_com_application_default_credentials.json
[debug] [2022-07-30T09:50:02.850Z] Setting GAC to C:\Users\HanLo\AppData\Roaming\firebase\hanlong2102_gmail_com_application_default_credentials.json {"metadata":{"emulator":{"name":"functions"},"message":"Setting GAC to C:\\Users\\HanLo\\AppData\\Roaming\\firebase\\hanlong2102_gmail_com_application_default_credentials.json"}}
[debug] [2022-07-30T09:50:02.853Z] > refreshing access token with scopes: []
[debug] [2022-07-30T09:50:02.855Z] >>> [apiv2][query] POST https://www.googleapis.com/oauth2/v3/token [none]
[debug] [2022-07-30T09:50:02.855Z] >>> [apiv2][body] POST https://www.googleapis.com/oauth2/v3/token [omitted]
[debug] [2022-07-30T09:50:02.924Z] <<< [apiv2][status] POST https://www.googleapis.com/oauth2/v3/token 200
[debug] [2022-07-30T09:50:02.924Z] <<< [apiv2][body] POST https://www.googleapis.com/oauth2/v3/token [omitted]
[debug] [2022-07-30T09:50:02.948Z] >>> [apiv2][query] GET https://firebase.googleapis.com/v1beta1/projects/clone-53496/adminSdkConfig [none]
[debug] [2022-07-30T09:50:03.495Z] <<< [apiv2][status] GET https://firebase.googleapis.com/v1beta1/projects/clone-53496/adminSdkConfig 200
[debug] [2022-07-30T09:50:03.496Z] <<< [apiv2][body] GET https://firebase.googleapis.com/v1beta1/projects/clone-53496/adminSdkConfig {"projectId":"clone-53496","storageBucket":"clone-53496.appspot.com","locationId":"asia-southeast1"}
[debug] [2022-07-30T09:50:03.516Z] >>> [apiv2][query] GET https://firebasehosting.googleapis.com/v1beta1/projects/clone-53496/sites 
[debug] [2022-07-30T09:50:04.945Z] <<< [apiv2][status] GET https://firebasehosting.googleapis.com/v1beta1/projects/clone-53496/sites 200
[debug] [2022-07-30T09:50:04.945Z] <<< [apiv2][body] GET https://firebasehosting.googleapis.com/v1beta1/projects/clone-53496/sites {"sites":[{"name":"projects/clone-53496/sites/clone-53496","defaultUrl":"https://clone-53496.web.app","appId":"1:136063337721:web:05b829c2c71ba821cd8e28","type":"DEFAULT_SITE"}]}
[debug] [2022-07-30T09:50:04.946Z] >>> [apiv2][query] GET https://firebase.googleapis.com/v1beta1/projects/clone-53496/webApps/1:136063337721:web:05b829c2c71ba821cd8e28/config [none]
[debug] [2022-07-30T09:50:06.119Z] <<< [apiv2][status] GET https://firebase.googleapis.com/v1beta1/projects/clone-53496/webApps/1:136063337721:web:05b829c2c71ba821cd8e28/config 200
[debug] [2022-07-30T09:50:06.119Z] <<< [apiv2][body] GET https://firebase.googleapis.com/v1beta1/projects/clone-53496/webApps/1:136063337721:web:05b829c2c71ba821cd8e28/config {"projectId":"clone-53496","appId":"1:136063337721:web:05b829c2c71ba821cd8e28","storageBucket":"clone-53496.appspot.com","locationId":"asia-southeast1","apiKey":"AIzaSyB3DWb8v1CRErie9Bcyit_rttHTr6ZLWWk","authDomain":"clone-53496.firebaseapp.com","messagingSenderId":"136063337721","measurementId":"G-K4FHBMYRTE"}
[info] i  hosting: Serving hosting files from: build {"metadata":{"emulator":{"name":"hosting"},"message":"Serving hosting files from: \u001b[1mbuild\u001b[22m"}}
[info] +  hosting: Local server: http://localhost:5000 {"metadata":{"emulator":{"name":"hosting"},"message":"Local server: \u001b[4m\u001b[1mhttp://localhost:5000\u001b[22m\u001b[24m"}}
[warn] !  ui: Emulator UI unable to start on port 4000, starting on 4001 instead. {"metadata":{"emulator":{"name":"ui"},"message":"Emulator UI unable to start on port 4000, starting on 4001 instead."}}
[debug] [2022-07-30T09:50:06.911Z] Ignoring unsupported arg: auto_download {"metadata":{"emulator":{"name":"ui"},"message":"Ignoring unsupported arg: auto_download"}}
[debug] [2022-07-30T09:50:06.912Z] Ignoring unsupported arg: port {"metadata":{"emulator":{"name":"ui"},"message":"Ignoring unsupported arg: port"}}
[debug] [2022-07-30T09:50:06.912Z] Starting Emulator UI with command {"binary":"node","args":["C:\\Users\\HanLo\\.cache\\firebase\\emulators\\ui-v1.8.1\\server\\server.js"],"optionalArgs":[],"joinArgs":false} {"metadata":{"emulator":{"name":"ui"},"message":"Starting Emulator UI with command {\"binary\":\"node\",\"args\":[\"C:\\\\Users\\\\HanLo\\\\.cache\\\\firebase\\\\emulators\\\\ui-v1.8.1\\\\server\\\\server.js\"],\"optionalArgs\":[],\"joinArgs\":false}"}}
[info] i  ui: Emulator UI logging to ui-debug.log {"metadata":{"emulator":{"name":"ui"},"message":"Emulator UI logging to \u001b[1mui-debug.log\u001b[22m"}}
[debug] [2022-07-30T09:50:07.458Z] Web / API server started at localhost:4001
 {"metadata":{"emulator":{"name":"ui"},"message":"Web / API server started at localhost:4001\n"}}
[info] i  functions: Watching "D:\React Projects\AmazonClone\Amazon_Clone\functions" for Cloud Functions... {"metadata":{"emulator":{"name":"functions"},"message":"Watching \"D:\\React Projects\\AmazonClone\\Amazon_Clone\\functions\" for Cloud Functions..."}}
[debug] [2022-07-30T09:50:07.722Z] Validating nodejs source
[debug] [2022-07-30T09:50:28.574Z] > [functions] package.json contents: {
  "name": "functions",
  "description": "Cloud Functions for Firebase",
  "scripts": {
    "lint": "eslint .",
    "serve": "firebase emulators:start --only functions",
    "shell": "firebase functions:shell",
    "start": "npm run shell",
    "deploy": "firebase deploy --only functions",
    "logs": "firebase functions:log"
  },
  "engines": {
    "node": "16"
  },
  "main": "index.js",
  "dependencies": {
    "cors": "^2.8.5",
    "express": "^4.18.1",
    "firebase": "^9.9.1",
    "firebase-admin": "^10.0.2",
    "firebase-functions": "^3.18.0",
    "firebase-tools": "^11.4.0",
    "package-lock": "^1.0.5",
    "stripe": "^9.16.0"
  },
  "devDependencies": {
    "eslint": "^8.9.0",
    "eslint-config-google": "^0.14.0",
    "firebase-functions-test": "^0.2.0"
  },
  "private": true
}
[debug] [2022-07-30T09:50:28.575Z] Building nodejs source
[debug] [2022-07-30T09:50:28.575Z] Analyzing nodejs backend spec
[debug] [2022-07-30T09:50:28.577Z] Could not find functions.yaml. Must use http discovery
[debug] [2022-07-30T09:50:31.075Z] Serving at port 9005

[debug] [2022-07-30T09:50:32.266Z] Got response from /__/functions.yaml {"endpoints":{"api":{"platform":"gcfv1","httpsTrigger":{},"entryPoint":"api"}},"specVersion":"v1alpha1","requiredAPIs":[]}
[debug] [2022-07-30T09:50:32.276Z] shutdown requested via /__/quitquitquit

[info] +  functions[us-central1-api]: http function initialized (http://localhost:5001/clone-53496/us-central1/api). {"metadata":{"emulator":{"name":"functions"},"message":"\u001b[1mhttp\u001b[22m function initialized (http://localhost:5001/clone-53496/us-central1/api)."}}
[info] 
┌─────────────────────────────────────────────────────────────┐
│ ✔  All emulators ready! It is now safe to connect your app. │
│ i  View Emulator UI at http://localhost:4001                │
└─────────────────────────────────────────────────────────────┘

┌───────────┬────────────────┬─────────────────────────────────┐
│ Emulator  │ Host:Port      │ View in Emulator UI             │
├───────────┼────────────────┼─────────────────────────────────┤
│ Functions │ localhost:5001 │ http://localhost:4001/functions │
├───────────┼────────────────┼─────────────────────────────────┤
│ Hosting   │ localhost:5000 │ n/a                             │
└───────────┴────────────────┴─────────────────────────────────┘
  Emulator Hub running at localhost:4400
  Other reserved ports: 4500

Issues? Report them at https://github.com/firebase/firebase-tools/issues and attach the *-debug.log files.
 
[debug] [2022-07-30T09:50:39.849Z] [work-queue] {"queueLength":1,"workRunningCount":0}
[debug] [2022-07-30T09:50:39.849Z] [work-queue] {"queueLength":0,"workRunningCount":1}
[debug] [2022-07-30T09:50:39.850Z] Accepted request POST /clone-53496/us-central1/api/payments/create?total=3444.9999999999995 --> us-central1-api
[debug] [2022-07-30T09:50:39.862Z] [worker-pool] addWorker(us-central1-api) {"metadata":{"emulator":{"name":"functions"},"message":"[worker-pool] addWorker(us-central1-api)"}}
[debug] [2022-07-30T09:50:39.862Z] [worker-pool] Adding worker with key us-central1-api, total=1 {"metadata":{"emulator":{"name":"functions"},"message":"[worker-pool] Adding worker with key us-central1-api, total=1"}}
[debug] [2022-07-30T09:50:39.863Z] [worker-pool] submitWork(triggerId=us-central1-api) {"metadata":{"emulator":{"name":"functions"},"message":"[worker-pool] submitWork(triggerId=us-central1-api)"}}
[debug] [2022-07-30T09:50:39.863Z] [worker-us-central1-api-1091980d-1cf6-422f-adbd-b34518ce6f2f]: BUSY {"metadata":{"emulator":{"name":"functions"},"message":"[worker-us-central1-api-1091980d-1cf6-422f-adbd-b34518ce6f2f]: BUSY"}}
[debug] [2022-07-30T09:50:39.867Z] [work-queue] {"queueLength":1,"workRunningCount":1}
[debug] [2022-07-30T09:50:39.867Z] [work-queue] {"queueLength":0,"workRunningCount":2}
[debug] [2022-07-30T09:50:39.867Z] Accepted request POST /clone-53496/us-central1/api/payments/create?total=3444.9999999999995 --> us-central1-api
[debug] [2022-07-30T09:50:39.877Z] [worker-pool] addWorker(us-central1-api) {"metadata":{"emulator":{"name":"functions"},"message":"[worker-pool] addWorker(us-central1-api)"}}
[debug] [2022-07-30T09:50:39.878Z] [worker-pool] Adding worker with key us-central1-api, total=2 {"metadata":{"emulator":{"name":"functions"},"message":"[worker-pool] Adding worker with key us-central1-api, total=2"}}
[debug] [2022-07-30T09:50:39.878Z] [worker-pool] submitWork(triggerId=us-central1-api) {"metadata":{"emulator":{"name":"functions"},"message":"[worker-pool] submitWork(triggerId=us-central1-api)"}}
[debug] [2022-07-30T09:50:39.878Z] [worker-us-central1-api-eb8eeaf8-39fa-4909-862e-1d6db62a0a12]: BUSY {"metadata":{"emulator":{"name":"functions"},"message":"[worker-us-central1-api-eb8eeaf8-39fa-4909-862e-1d6db62a0a12]: BUSY"}}
[debug] [2022-07-30T09:50:41.858Z] [runtime-status] [42000] Resolved module firebase-admin {"declared":true,"installed":true,"version":"10.3.0","resolution":"D:\\React Projects\\AmazonClone\\Amazon_Clone\\functions\\node_modules\\firebase-admin\\lib\\index.js"} {"metadata":{"emulator":{"name":"functions"},"function":{"name":"us-central1-api"},"extension":{},"message":"[runtime-status] [42000] Resolved module firebase-admin {\"declared\":true,\"installed\":true,\"version\":\"10.3.0\",\"resolution\":\"D:\\\\React Projects\\\\AmazonClone\\\\Amazon_Clone\\\\functions\\\\node_modules\\\\firebase-admin\\\\lib\\\\index.js\"}"}}
[debug] [2022-07-30T09:50:41.861Z] [runtime-status] [42000] Resolved module firebase-functions {"declared":true,"installed":true,"version":"3.22.0","resolution":"D:\\React Projects\\AmazonClone\\Amazon_Clone\\functions\\node_modules\\firebase-functions\\lib\\index.js"} {"metadata":{"emulator":{"name":"functions"},"function":{"name":"us-central1-api"},"extension":{},"message":"[runtime-status] [42000] Resolved module firebase-functions {\"declared\":true,\"installed\":true,\"version\":\"3.22.0\",\"resolution\":\"D:\\\\React Projects\\\\AmazonClone\\\\Amazon_Clone\\\\functions\\\\node_modules\\\\firebase-functions\\\\lib\\\\index.js\"}"}}
[debug] [2022-07-30T09:50:41.861Z] [runtime-status] [42000] Outgoing network have been stubbed. [{"name":"http","status":"mocked"},{"name":"http","status":"mocked"},{"name":"https","status":"mocked"},{"name":"https","status":"mocked"},{"name":"net","status":"mocked"}] {"metadata":{"emulator":{"name":"functions"},"function":{"name":"us-central1-api"},"extension":{},"message":"[runtime-status] [42000] Outgoing network have been stubbed. [{\"name\":\"http\",\"status\":\"mocked\"},{\"name\":\"http\",\"status\":\"mocked\"},{\"name\":\"https\",\"status\":\"mocked\"},{\"name\":\"https\",\"status\":\"mocked\"},{\"name\":\"net\",\"status\":\"mocked\"}]"}}
[debug] [2022-07-30T09:50:41.863Z] [runtime-status] [42000] Resolved module firebase-functions {"declared":true,"installed":true,"version":"3.22.0","resolution":"D:\\React Projects\\AmazonClone\\Amazon_Clone\\functions\\node_modules\\firebase-functions\\lib\\index.js"} {"metadata":{"emulator":{"name":"functions"},"function":{"name":"us-central1-api"},"extension":{},"message":"[runtime-status] [42000] Resolved module firebase-functions {\"declared\":true,\"installed\":true,\"version\":\"3.22.0\",\"resolution\":\"D:\\\\React Projects\\\\AmazonClone\\\\Amazon_Clone\\\\functions\\\\node_modules\\\\firebase-functions\\\\lib\\\\index.js\"}"}}
[debug] [2022-07-30T09:50:41.936Z] [runtime-status] [42000] Checked functions.config() {"config":{}} {"metadata":{"emulator":{"name":"functions"},"function":{"name":"us-central1-api"},"extension":{},"message":"[runtime-status] [42000] Checked functions.config() {\"config\":{}}"}}
[debug] [2022-07-30T09:50:41.936Z] [runtime-status] [42000] firebase-functions has been stubbed. {"functionsResolution":{"declared":true,"installed":true,"version":"3.22.0","resolution":"D:\\React Projects\\AmazonClone\\Amazon_Clone\\functions\\node_modules\\firebase-functions\\lib\\index.js"}} {"metadata":{"emulator":{"name":"functions"},"function":{"name":"us-central1-api"},"extension":{},"message":"[runtime-status] [42000] firebase-functions has been stubbed. {\"functionsResolution\":{\"declared\":true,\"installed\":true,\"version\":\"3.22.0\",\"resolution\":\"D:\\\\React Projects\\\\AmazonClone\\\\Amazon_Clone\\\\functions\\\\node_modules\\\\firebase-functions\\\\lib\\\\index.js\"}}"}}
[debug] [2022-07-30T09:50:41.937Z] [runtime-status] [42000] Resolved module firebase-functions {"declared":true,"installed":true,"version":"3.22.0","resolution":"D:\\React Projects\\AmazonClone\\Amazon_Clone\\functions\\node_modules\\firebase-functions\\lib\\index.js"} {"metadata":{"emulator":{"name":"functions"},"function":{"name":"us-central1-api"},"extension":{},"message":"[runtime-status] [42000] Resolved module firebase-functions {\"declared\":true,\"installed\":true,\"version\":\"3.22.0\",\"resolution\":\"D:\\\\React Projects\\\\AmazonClone\\\\Amazon_Clone\\\\functions\\\\node_modules\\\\firebase-functions\\\\lib\\\\index.js\"}"}}
[debug] [2022-07-30T09:50:41.940Z] [runtime-status] [42000] Resolved module firebase-admin {"declared":true,"installed":true,"version":"10.3.0","resolution":"D:\\React Projects\\AmazonClone\\Amazon_Clone\\functions\\node_modules\\firebase-admin\\lib\\index.js"} {"metadata":{"emulator":{"name":"functions"},"function":{"name":"us-central1-api"},"extension":{},"message":"[runtime-status] [42000] Resolved module firebase-admin {\"declared\":true,\"installed\":true,\"version\":\"10.3.0\",\"resolution\":\"D:\\\\React Projects\\\\AmazonClone\\\\Amazon_Clone\\\\functions\\\\node_modules\\\\firebase-admin\\\\lib\\\\index.js\"}"}}
[debug] [2022-07-30T09:50:41.940Z] [runtime-status] [14264] Resolved module firebase-admin {"declared":true,"installed":true,"version":"10.3.0","resolution":"D:\\React Projects\\AmazonClone\\Amazon_Clone\\functions\\node_modules\\firebase-admin\\lib\\index.js"} {"metadata":{"emulator":{"name":"functions"},"function":{"name":"us-central1-api"},"extension":{},"message":"[runtime-status] [14264] Resolved module firebase-admin {\"declared\":true,\"installed\":true,\"version\":\"10.3.0\",\"resolution\":\"D:\\\\React Projects\\\\AmazonClone\\\\Amazon_Clone\\\\functions\\\\node_modules\\\\firebase-admin\\\\lib\\\\index.js\"}"}}
[debug] [2022-07-30T09:50:41.941Z] [runtime-status] [42000] Resolved module firebase-functions {"declared":true,"installed":true,"version":"3.22.0","resolution":"D:\\React Projects\\AmazonClone\\Amazon_Clone\\functions\\node_modules\\firebase-functions\\lib\\index.js"} {"metadata":{"emulator":{"name":"functions"},"function":{"name":"us-central1-api"},"extension":{},"message":"[runtime-status] [42000] Resolved module firebase-functions {\"declared\":true,\"installed\":true,\"version\":\"3.22.0\",\"resolution\":\"D:\\\\React Projects\\\\AmazonClone\\\\Amazon_Clone\\\\functions\\\\node_modules\\\\firebase-functions\\\\lib\\\\index.js\"}"}}
[debug] [2022-07-30T09:50:41.941Z] [runtime-status] [42000] firebase-admin has been stubbed. {"adminResolution":{"declared":true,"installed":true,"version":"10.3.0","resolution":"D:\\React Projects\\AmazonClone\\Amazon_Clone\\functions\\node_modules\\firebase-admin\\lib\\index.js"}} {"metadata":{"emulator":{"name":"functions"},"function":{"name":"us-central1-api"},"extension":{},"message":"[runtime-status] [42000] firebase-admin has been stubbed. {\"adminResolution\":{\"declared\":true,\"installed\":true,\"version\":\"10.3.0\",\"resolution\":\"D:\\\\React Projects\\\\AmazonClone\\\\Amazon_Clone\\\\functions\\\\node_modules\\\\firebase-admin\\\\lib\\\\index.js\"}}"}}
[debug] [2022-07-30T09:50:41.941Z] [runtime-status] [42000] Functions runtime initialized. {"cwd":"D:\\React Projects\\AmazonClone\\Amazon_Clone\\functions","node_version":"16.14.0"} {"metadata":{"emulator":{"name":"functions"},"function":{"name":"us-central1-api"},"extension":{},"message":"[runtime-status] [42000] Functions runtime initialized. {\"cwd\":\"D:\\\\React Projects\\\\AmazonClone\\\\Amazon_Clone\\\\functions\",\"node_version\":\"16.14.0\"}"}}
[debug] [2022-07-30T09:50:41.943Z] [runtime-status] [14264] Resolved module firebase-functions {"declared":true,"installed":true,"version":"3.22.0","resolution":"D:\\React Projects\\AmazonClone\\Amazon_Clone\\functions\\node_modules\\firebase-functions\\lib\\index.js"} {"metadata":{"emulator":{"name":"functions"},"function":{"name":"us-central1-api"},"extension":{},"message":"[runtime-status] [14264] Resolved module firebase-functions {\"declared\":true,\"installed\":true,\"version\":\"3.22.0\",\"resolution\":\"D:\\\\React Projects\\\\AmazonClone\\\\Amazon_Clone\\\\functions\\\\node_modules\\\\firebase-functions\\\\lib\\\\index.js\"}"}}
[debug] [2022-07-30T09:50:41.943Z] [runtime-status] [14264] Outgoing network have been stubbed. [{"name":"http","status":"mocked"},{"name":"http","status":"mocked"},{"name":"https","status":"mocked"},{"name":"https","status":"mocked"},{"name":"net","status":"mocked"}] {"metadata":{"emulator":{"name":"functions"},"function":{"name":"us-central1-api"},"extension":{},"message":"[runtime-status] [14264] Outgoing network have been stubbed. [{\"name\":\"http\",\"status\":\"mocked\"},{\"name\":\"http\",\"status\":\"mocked\"},{\"name\":\"https\",\"status\":\"mocked\"},{\"name\":\"https\",\"status\":\"mocked\"},{\"name\":\"net\",\"status\":\"mocked\"}]"}}
[debug] [2022-07-30T09:50:41.944Z] [runtime-status] [14264] Resolved module firebase-functions {"declared":true,"installed":true,"version":"3.22.0","resolution":"D:\\React Projects\\AmazonClone\\Amazon_Clone\\functions\\node_modules\\firebase-functions\\lib\\index.js"} {"metadata":{"emulator":{"name":"functions"},"function":{"name":"us-central1-api"},"extension":{},"message":"[runtime-status] [14264] Resolved module firebase-functions {\"declared\":true,\"installed\":true,\"version\":\"3.22.0\",\"resolution\":\"D:\\\\React Projects\\\\AmazonClone\\\\Amazon_Clone\\\\functions\\\\node_modules\\\\firebase-functions\\\\lib\\\\index.js\"}"}}
[debug] [2022-07-30T09:50:42.008Z] [runtime-status] [14264] Checked functions.config() {"config":{}} {"metadata":{"emulator":{"name":"functions"},"function":{"name":"us-central1-api"},"extension":{},"message":"[runtime-status] [14264] Checked functions.config() {\"config\":{}}"}}
[debug] [2022-07-30T09:50:42.008Z] [runtime-status] [14264] firebase-functions has been stubbed. {"functionsResolution":{"declared":true,"installed":true,"version":"3.22.0","resolution":"D:\\React Projects\\AmazonClone\\Amazon_Clone\\functions\\node_modules\\firebase-functions\\lib\\index.js"}} {"metadata":{"emulator":{"name":"functions"},"function":{"name":"us-central1-api"},"extension":{},"message":"[runtime-status] [14264] firebase-functions has been stubbed. {\"functionsResolution\":{\"declared\":true,\"installed\":true,\"version\":\"3.22.0\",\"resolution\":\"D:\\\\React Projects\\\\AmazonClone\\\\Amazon_Clone\\\\functions\\\\node_modules\\\\firebase-functions\\\\lib\\\\index.js\"}}"}}
[debug] [2022-07-30T09:50:42.009Z] [runtime-status] [14264] Resolved module firebase-functions {"declared":true,"installed":true,"version":"3.22.0","resolution":"D:\\React Projects\\AmazonClone\\Amazon_Clone\\functions\\node_modules\\firebase-functions\\lib\\index.js"} {"metadata":{"emulator":{"name":"functions"},"function":{"name":"us-central1-api"},"extension":{},"message":"[runtime-status] [14264] Resolved module firebase-functions {\"declared\":true,\"installed\":true,\"version\":\"3.22.0\",\"resolution\":\"D:\\\\React Projects\\\\AmazonClone\\\\Amazon_Clone\\\\functions\\\\node_modules\\\\firebase-functions\\\\lib\\\\index.js\"}"}}
[debug] [2022-07-30T09:50:42.011Z] [runtime-status] [14264] Resolved module firebase-admin {"declared":true,"installed":true,"version":"10.3.0","resolution":"D:\\React Projects\\AmazonClone\\Amazon_Clone\\functions\\node_modules\\firebase-admin\\lib\\index.js"} {"metadata":{"emulator":{"name":"functions"},"function":{"name":"us-central1-api"},"extension":{},"message":"[runtime-status] [14264] Resolved module firebase-admin {\"declared\":true,\"installed\":true,\"version\":\"10.3.0\",\"resolution\":\"D:\\\\React Projects\\\\AmazonClone\\\\Amazon_Clone\\\\functions\\\\node_modules\\\\firebase-admin\\\\lib\\\\index.js\"}"}}
[debug] [2022-07-30T09:50:42.012Z] [runtime-status] [14264] Resolved module firebase-functions {"declared":true,"installed":true,"version":"3.22.0","resolution":"D:\\React Projects\\AmazonClone\\Amazon_Clone\\functions\\node_modules\\firebase-functions\\lib\\index.js"} {"metadata":{"emulator":{"name":"functions"},"function":{"name":"us-central1-api"},"extension":{},"message":"[runtime-status] [14264] Resolved module firebase-functions {\"declared\":true,\"installed\":true,\"version\":\"3.22.0\",\"resolution\":\"D:\\\\React Projects\\\\AmazonClone\\\\Amazon_Clone\\\\functions\\\\node_modules\\\\firebase-functions\\\\lib\\\\index.js\"}"}}
[debug] [2022-07-30T09:50:42.012Z] [runtime-status] [14264] firebase-admin has been stubbed. {"adminResolution":{"declared":true,"installed":true,"version":"10.3.0","resolution":"D:\\React Projects\\AmazonClone\\Amazon_Clone\\functions\\node_modules\\firebase-admin\\lib\\index.js"}} {"metadata":{"emulator":{"name":"functions"},"function":{"name":"us-central1-api"},"extension":{},"message":"[runtime-status] [14264] firebase-admin has been stubbed. {\"adminResolution\":{\"declared\":true,\"installed\":true,\"version\":\"10.3.0\",\"resolution\":\"D:\\\\React Projects\\\\AmazonClone\\\\Amazon_Clone\\\\functions\\\\node_modules\\\\firebase-admin\\\\lib\\\\index.js\"}}"}}
[debug] [2022-07-30T09:50:42.013Z] [runtime-status] [14264] Functions runtime initialized. {"cwd":"D:\\React Projects\\AmazonClone\\Amazon_Clone\\functions","node_version":"16.14.0"} {"metadata":{"emulator":{"name":"functions"},"function":{"name":"us-central1-api"},"extension":{},"message":"[runtime-status] [14264] Functions runtime initialized. {\"cwd\":\"D:\\\\React Projects\\\\AmazonClone\\\\Amazon_Clone\\\\functions\",\"node_version\":\"16.14.0\"}"}}
[debug] [2022-07-30T09:50:42.188Z] [runtime-status] [42000] Beginning invocation function api! {"metadata":{"emulator":{"name":"functions"},"function":{"name":"us-central1-api"},"extension":{},"message":"[runtime-status] [42000] Beginning invocation function api!"}}
[info] i  functions: Beginning execution of "api" {"metadata":{"emulator":{"name":"functions"},"function":{"name":"us-central1-api"},"extension":{},"message":"Beginning execution of \"api\""}}
[debug] [2022-07-30T09:50:42.189Z] [runtime-status] [42000] Running api in signature http {"metadata":{"emulator":{"name":"functions"},"function":{"name":"us-central1-api"},"extension":{},"message":"[runtime-status] [42000] Running api in signature http"}}
[debug] [2022-07-30T09:50:42.200Z] [runtime-status] [42000] Listening to port: \\?\pipe\fire_emu_528c81534e78dcaa {"metadata":{"emulator":{"name":"functions"},"function":{"name":"us-central1-api"},"extension":{},"message":"[runtime-status] [42000] Listening to port: \\\\?\\pipe\\fire_emu_528c81534e78dcaa"}}
[debug] [2022-07-30T09:50:42.270Z] [functions] Runtime ready! Sending request! {"metadata":{"emulator":{"name":"functions"},"message":"[functions] Runtime ready! Sending request!"}}
[debug] [2022-07-30T09:50:42.271Z] [functions] Got req.url=/clone-53496/us-central1/api/payments/create?total=3444.9999999999995, mapping to path=/payments/create?total=3444.9999999999995 {"metadata":{"emulator":{"name":"functions"},"message":"[functions] Got req.url=/clone-53496/us-central1/api/payments/create?total=3444.9999999999995, mapping to path=/payments/create?total=3444.9999999999995"}}
[debug] [2022-07-30T09:50:42.274Z] [runtime-status] [42000] Ephemeral server handling POST request {"metadata":{"emulator":{"name":"functions"},"function":{"name":"us-central1-api"},"extension":{},"message":"[runtime-status] [42000] Ephemeral server handling POST request"}}
[info] >  Payment Request Received >>>  3444 {"user":"Payment Request Received >>>  3444","metadata":{"emulator":{"name":"functions"},"function":{"name":"us-central1-api"},"extension":{},"message":"\u001b[90m> \u001b[39m Payment Request Received >>>  3444"}}
[debug] [2022-07-30T09:50:42.282Z] [runtime-status] [14264] Beginning invocation function api! {"metadata":{"emulator":{"name":"functions"},"function":{"name":"us-central1-api"},"extension":{},"message":"[runtime-status] [14264] Beginning invocation function api!"}}
[info] i  functions: Beginning execution of "api" {"metadata":{"emulator":{"name":"functions"},"function":{"name":"us-central1-api"},"extension":{},"message":"Beginning execution of \"api\""}}
[debug] [2022-07-30T09:50:42.285Z] [runtime-status] [14264] Running api in signature http {"metadata":{"emulator":{"name":"functions"},"function":{"name":"us-central1-api"},"extension":{},"message":"[runtime-status] [14264] Running api in signature http"}}
[debug] [2022-07-30T09:50:42.291Z] [runtime-status] [14264] Listening to port: \\?\pipe\fire_emu_abe93e88490f6cb3 {"metadata":{"emulator":{"name":"functions"},"function":{"name":"us-central1-api"},"extension":{},"message":"[runtime-status] [14264] Listening to port: \\\\?\\pipe\\fire_emu_abe93e88490f6cb3"}}
[debug] [2022-07-30T09:50:42.379Z] [functions] Runtime ready! Sending request! {"metadata":{"emulator":{"name":"functions"},"message":"[functions] Runtime ready! Sending request!"}}
[debug] [2022-07-30T09:50:42.379Z] [functions] Got req.url=/clone-53496/us-central1/api/payments/create?total=3444.9999999999995, mapping to path=/payments/create?total=3444.9999999999995 {"metadata":{"emulator":{"name":"functions"},"message":"[functions] Got req.url=/clone-53496/us-central1/api/payments/create?total=3444.9999999999995, mapping to path=/payments/create?total=3444.9999999999995"}}
[debug] [2022-07-30T09:50:42.382Z] [runtime-status] [14264] Ephemeral server handling POST request {"metadata":{"emulator":{"name":"functions"},"function":{"name":"us-central1-api"},"extension":{},"message":"[runtime-status] [14264] Ephemeral server handling POST request"}}
[info] >  Payment Request Received >>>  3444 {"user":"Payment Request Received >>>  3444","metadata":{"emulator":{"name":"functions"},"function":{"name":"us-central1-api"},"extension":{},"message":"\u001b[90m> \u001b[39m Payment Request Received >>>  3444"}}
[debug] [2022-07-30T09:50:42.624Z] [runtime-status] [42000] Ephemeral server survived. {"metadata":{"emulator":{"name":"functions"},"function":{"name":"us-central1-api"},"extension":{},"message":"[runtime-status] [42000] Ephemeral server survived."}}
[debug] [2022-07-30T09:50:42.773Z] [runtime-status] [14264] Ephemeral server survived. {"metadata":{"emulator":{"name":"functions"},"function":{"name":"us-central1-api"},"extension":{},"message":"[runtime-status] [14264] Ephemeral server survived."}}
[info] i  functions: Finished "api" in ~1s {"metadata":{"emulator":{"name":"functions"},"function":{"name":"us-central1-api"},"extension":{},"message":"Finished \"api\" in ~1s"}}
[debug] [2022-07-30T09:50:43.044Z] [worker-us-central1-api-eb8eeaf8-39fa-4909-862e-1d6db62a0a12]: IDLE {"metadata":{"emulator":{"name":"functions"},"message":"[worker-us-central1-api-eb8eeaf8-39fa-4909-862e-1d6db62a0a12]: IDLE"}}
[debug] [2022-07-30T09:50:43.045Z] [work-queue] {"queueLength":0,"workRunningCount":1}
[info] i  functions: Finished "api" in ~1s {"metadata":{"emulator":{"name":"functions"},"function":{"name":"us-central1-api"},"extension":{},"message":"Finished \"api\" in ~1s"}}
[debug] [2022-07-30T09:50:43.225Z] [worker-us-central1-api-1091980d-1cf6-422f-adbd-b34518ce6f2f]: IDLE {"metadata":{"emulator":{"name":"functions"},"message":"[worker-us-central1-api-1091980d-1cf6-422f-adbd-b34518ce6f2f]: IDLE"}}
[debug] [2022-07-30T09:50:43.225Z] [work-queue] {"queueLength":0,"workRunningCount":0}
[debug] [2022-07-30T09:54:08.724Z] [work-queue] {"queueLength":1,"workRunningCount":0}
[debug] [2022-07-30T09:54:08.725Z] [work-queue] {"queueLength":0,"workRunningCount":1}
[debug] [2022-07-30T09:54:08.725Z] Accepted request POST /clone-53496/us-central1/api/payments/create?total=2999 --> us-central1-api
[debug] [2022-07-30T09:54:08.725Z] [worker-pool] submitWork(triggerId=us-central1-api) {"metadata":{"emulator":{"name":"functions"},"message":"[worker-pool] submitWork(triggerId=us-central1-api)"}}
[debug] [2022-07-30T09:54:08.725Z] [worker-us-central1-api-1091980d-1cf6-422f-adbd-b34518ce6f2f]: BUSY {"metadata":{"emulator":{"name":"functions"},"message":"[worker-us-central1-api-1091980d-1cf6-422f-adbd-b34518ce6f2f]: BUSY"}}
[debug] [2022-07-30T09:54:08.728Z] [work-queue] {"queueLength":1,"workRunningCount":1}
[debug] [2022-07-30T09:54:08.728Z] [work-queue] {"queueLength":0,"workRunningCount":2}
[debug] [2022-07-30T09:54:08.729Z] Accepted request POST /clone-53496/us-central1/api/payments/create?total=2999 --> us-central1-api
[debug] [2022-07-30T09:54:08.729Z] [worker-pool] submitWork(triggerId=us-central1-api) {"metadata":{"emulator":{"name":"functions"},"message":"[worker-pool] submitWork(triggerId=us-central1-api)"}}
[debug] [2022-07-30T09:54:08.729Z] [worker-us-central1-api-eb8eeaf8-39fa-4909-862e-1d6db62a0a12]: BUSY {"metadata":{"emulator":{"name":"functions"},"message":"[worker-us-central1-api-eb8eeaf8-39fa-4909-862e-1d6db62a0a12]: BUSY"}}
[debug] [2022-07-30T09:54:08.731Z] [runtime-status] [14264] Beginning invocation function api! {"metadata":{"emulator":{"name":"functions"},"function":{"name":"us-central1-api"},"extension":{},"message":"[runtime-status] [14264] Beginning invocation function api!"}}
[info] i  functions: Beginning execution of "api" {"metadata":{"emulator":{"name":"functions"},"function":{"name":"us-central1-api"},"extension":{},"message":"Beginning execution of \"api\""}}
[debug] [2022-07-30T09:54:08.733Z] [runtime-status] [14264] Running api in signature http {"metadata":{"emulator":{"name":"functions"},"function":{"name":"us-central1-api"},"extension":{},"message":"[runtime-status] [14264] Running api in signature http"}}
[debug] [2022-07-30T09:54:08.733Z] [runtime-status] [14264] Listening to port: \\?\pipe\fire_emu_abe93e88490f6cb3 {"metadata":{"emulator":{"name":"functions"},"function":{"name":"us-central1-api"},"extension":{},"message":"[runtime-status] [14264] Listening to port: \\\\?\\pipe\\fire_emu_abe93e88490f6cb3"}}
[debug] [2022-07-30T09:54:08.734Z] [runtime-status] [42000] Beginning invocation function api! {"metadata":{"emulator":{"name":"functions"},"function":{"name":"us-central1-api"},"extension":{},"message":"[runtime-status] [42000] Beginning invocation function api!"}}
[info] i  functions: Beginning execution of "api" {"metadata":{"emulator":{"name":"functions"},"function":{"name":"us-central1-api"},"extension":{},"message":"Beginning execution of \"api\""}}
[debug] [2022-07-30T09:54:08.734Z] [runtime-status] [42000] Running api in signature http {"metadata":{"emulator":{"name":"functions"},"function":{"name":"us-central1-api"},"extension":{},"message":"[runtime-status] [42000] Running api in signature http"}}
[debug] [2022-07-30T09:54:08.735Z] [runtime-status] [42000] Listening to port: \\?\pipe\fire_emu_528c81534e78dcaa {"metadata":{"emulator":{"name":"functions"},"function":{"name":"us-central1-api"},"extension":{},"message":"[runtime-status] [42000] Listening to port: \\\\?\\pipe\\fire_emu_528c81534e78dcaa"}}
[debug] [2022-07-30T09:54:08.855Z] [functions] Runtime ready! Sending request! {"metadata":{"emulator":{"name":"functions"},"message":"[functions] Runtime ready! Sending request!"}}
[debug] [2022-07-30T09:54:08.856Z] [functions] Got req.url=/clone-53496/us-central1/api/payments/create?total=2999, mapping to path=/payments/create?total=2999 {"metadata":{"emulator":{"name":"functions"},"message":"[functions] Got req.url=/clone-53496/us-central1/api/payments/create?total=2999, mapping to path=/payments/create?total=2999"}}
[debug] [2022-07-30T09:54:08.861Z] [functions] Runtime ready! Sending request! {"metadata":{"emulator":{"name":"functions"},"message":"[functions] Runtime ready! Sending request!"}}
[debug] [2022-07-30T09:54:08.861Z] [functions] Got req.url=/clone-53496/us-central1/api/payments/create?total=2999, mapping to path=/payments/create?total=2999 {"metadata":{"emulator":{"name":"functions"},"message":"[functions] Got req.url=/clone-53496/us-central1/api/payments/create?total=2999, mapping to path=/payments/create?total=2999"}}
[debug] [2022-07-30T09:54:08.863Z] [runtime-status] [14264] Ephemeral server handling POST request {"metadata":{"emulator":{"name":"functions"},"function":{"name":"us-central1-api"},"extension":{},"message":"[runtime-status] [14264] Ephemeral server handling POST request"}}
[debug] [2022-07-30T09:54:08.863Z] [runtime-status] [14264] Ephemeral server survived. {"metadata":{"emulator":{"name":"functions"},"function":{"name":"us-central1-api"},"extension":{},"message":"[runtime-status] [14264] Ephemeral server survived."}}
[info] >  Payment Request Received >>>  2999 {"user":"Payment Request Received >>>  2999","metadata":{"emulator":{"name":"functions"},"function":{"name":"us-central1-api"},"extension":{},"message":"\u001b[90m> \u001b[39m Payment Request Received >>>  2999"}}
[debug] [2022-07-30T09:54:08.865Z] [runtime-status] [42000] Ephemeral server handling POST request {"metadata":{"emulator":{"name":"functions"},"function":{"name":"us-central1-api"},"extension":{},"message":"[runtime-status] [42000] Ephemeral server handling POST request"}}
[info] >  Payment Request Received >>>  2999 {"user":"Payment Request Received >>>  2999","metadata":{"emulator":{"name":"functions"},"function":{"name":"us-central1-api"},"extension":{},"message":"\u001b[90m> \u001b[39m Payment Request Received >>>  2999"}}
[debug] [2022-07-30T09:54:08.869Z] [runtime-status] [42000] Ephemeral server survived. {"metadata":{"emulator":{"name":"functions"},"function":{"name":"us-central1-api"},"extension":{},"message":"[runtime-status] [42000] Ephemeral server survived."}}
[info] i  functions: Finished "api" in ~1s {"metadata":{"emulator":{"name":"functions"},"function":{"name":"us-central1-api"},"extension":{},"message":"Finished \"api\" in ~1s"}}
[debug] [2022-07-30T09:54:09.248Z] [worker-us-central1-api-eb8eeaf8-39fa-4909-862e-1d6db62a0a12]: IDLE {"metadata":{"emulator":{"name":"functions"},"message":"[worker-us-central1-api-eb8eeaf8-39fa-4909-862e-1d6db62a0a12]: IDLE"}}
[debug] [2022-07-30T09:54:09.248Z] [work-queue] {"queueLength":0,"workRunningCount":1}
[info] i  functions: Finished "api" in ~1s {"metadata":{"emulator":{"name":"functions"},"function":{"name":"us-central1-api"},"extension":{},"message":"Finished \"api\" in ~1s"}}
[debug] [2022-07-30T09:54:09.255Z] [worker-us-central1-api-1091980d-1cf6-422f-adbd-b34518ce6f2f]: IDLE {"metadata":{"emulator":{"name":"functions"},"message":"[worker-us-central1-api-1091980d-1cf6-422f-adbd-b34518ce6f2f]: IDLE"}}
[debug] [2022-07-30T09:54:09.256Z] [work-queue] {"queueLength":0,"workRunningCount":0}
[debug] [2022-07-30T09:54:21.948Z] [work-queue] {"queueLength":1,"workRunningCount":0}
[debug] [2022-07-30T09:54:21.949Z] [work-queue] {"queueLength":0,"workRunningCount":1}
[debug] [2022-07-30T09:54:21.949Z] Accepted request POST /clone-53496/us-central1/api/payments/create?total=2999 --> us-central1-api
[debug] [2022-07-30T09:54:21.949Z] [worker-pool] submitWork(triggerId=us-central1-api) {"metadata":{"emulator":{"name":"functions"},"message":"[worker-pool] submitWork(triggerId=us-central1-api)"}}
[debug] [2022-07-30T09:54:21.949Z] [worker-us-central1-api-1091980d-1cf6-422f-adbd-b34518ce6f2f]: BUSY {"metadata":{"emulator":{"name":"functions"},"message":"[worker-us-central1-api-1091980d-1cf6-422f-adbd-b34518ce6f2f]: BUSY"}}
[debug] [2022-07-30T09:54:21.953Z] [runtime-status] [14264] Beginning invocation function api! {"metadata":{"emulator":{"name":"functions"},"function":{"name":"us-central1-api"},"extension":{},"message":"[runtime-status] [14264] Beginning invocation function api!"}}
[info] i  functions: Beginning execution of "api" {"metadata":{"emulator":{"name":"functions"},"function":{"name":"us-central1-api"},"extension":{},"message":"Beginning execution of \"api\""}}
[debug] [2022-07-30T09:54:21.954Z] [runtime-status] [14264] Running api in signature http {"metadata":{"emulator":{"name":"functions"},"function":{"name":"us-central1-api"},"extension":{},"message":"[runtime-status] [14264] Running api in signature http"}}
[debug] [2022-07-30T09:54:21.955Z] [runtime-status] [14264] Listening to port: \\?\pipe\fire_emu_abe93e88490f6cb3 {"metadata":{"emulator":{"name":"functions"},"function":{"name":"us-central1-api"},"extension":{},"message":"[runtime-status] [14264] Listening to port: \\\\?\\pipe\\fire_emu_abe93e88490f6cb3"}}
[debug] [2022-07-30T09:54:22.074Z] [functions] Runtime ready! Sending request! {"metadata":{"emulator":{"name":"functions"},"message":"[functions] Runtime ready! Sending request!"}}
[debug] [2022-07-30T09:54:22.075Z] [functions] Got req.url=/clone-53496/us-central1/api/payments/create?total=2999, mapping to path=/payments/create?total=2999 {"metadata":{"emulator":{"name":"functions"},"message":"[functions] Got req.url=/clone-53496/us-central1/api/payments/create?total=2999, mapping to path=/payments/create?total=2999"}}
[debug] [2022-07-30T09:54:22.077Z] [runtime-status] [14264] Ephemeral server handling POST request {"metadata":{"emulator":{"name":"functions"},"function":{"name":"us-central1-api"},"extension":{},"message":"[runtime-status] [14264] Ephemeral server handling POST request"}}
[info] >  Payment Request Received >>>  2999 {"user":"Payment Request Received >>>  2999","metadata":{"emulator":{"name":"functions"},"function":{"name":"us-central1-api"},"extension":{},"message":"\u001b[90m> \u001b[39m Payment Request Received >>>  2999"}}
[debug] [2022-07-30T09:54:22.109Z] [runtime-status] [14264] Ephemeral server survived. {"metadata":{"emulator":{"name":"functions"},"function":{"name":"us-central1-api"},"extension":{},"message":"[runtime-status] [14264] Ephemeral server survived."}}
[debug] [2022-07-30T09:54:22.268Z] [work-queue] {"queueLength":1,"workRunningCount":1}
[debug] [2022-07-30T09:54:22.268Z] [work-queue] {"queueLength":0,"workRunningCount":2}
[debug] [2022-07-30T09:54:22.268Z] Accepted request POST /clone-53496/us-central1/api/payments/create?total=2999 --> us-central1-api
[debug] [2022-07-30T09:54:22.268Z] [worker-pool] submitWork(triggerId=us-central1-api) {"metadata":{"emulator":{"name":"functions"},"message":"[worker-pool] submitWork(triggerId=us-central1-api)"}}
[debug] [2022-07-30T09:54:22.269Z] [worker-us-central1-api-eb8eeaf8-39fa-4909-862e-1d6db62a0a12]: BUSY {"metadata":{"emulator":{"name":"functions"},"message":"[worker-us-central1-api-eb8eeaf8-39fa-4909-862e-1d6db62a0a12]: BUSY"}}
[debug] [2022-07-30T09:54:22.269Z] [runtime-status] [42000] Beginning invocation function api! {"metadata":{"emulator":{"name":"functions"},"function":{"name":"us-central1-api"},"extension":{},"message":"[runtime-status] [42000] Beginning invocation function api!"}}
[info] i  functions: Beginning execution of "api" {"metadata":{"emulator":{"name":"functions"},"function":{"name":"us-central1-api"},"extension":{},"message":"Beginning execution of \"api\""}}
[debug] [2022-07-30T09:54:22.270Z] [runtime-status] [42000] Running api in signature http {"metadata":{"emulator":{"name":"functions"},"function":{"name":"us-central1-api"},"extension":{},"message":"[runtime-status] [42000] Running api in signature http"}}
[debug] [2022-07-30T09:54:22.271Z] [runtime-status] [42000] Listening to port: \\?\pipe\fire_emu_528c81534e78dcaa {"metadata":{"emulator":{"name":"functions"},"function":{"name":"us-central1-api"},"extension":{},"message":"[runtime-status] [42000] Listening to port: \\\\?\\pipe\\fire_emu_528c81534e78dcaa"}}
[debug] [2022-07-30T09:54:22.379Z] [functions] Runtime ready! Sending request! {"metadata":{"emulator":{"name":"functions"},"message":"[functions] Runtime ready! Sending request!"}}
[debug] [2022-07-30T09:54:22.379Z] [functions] Got req.url=/clone-53496/us-central1/api/payments/create?total=2999, mapping to path=/payments/create?total=2999 {"metadata":{"emulator":{"name":"functions"},"message":"[functions] Got req.url=/clone-53496/us-central1/api/payments/create?total=2999, mapping to path=/payments/create?total=2999"}}
[debug] [2022-07-30T09:54:22.381Z] [runtime-status] [42000] Ephemeral server handling POST request {"metadata":{"emulator":{"name":"functions"},"function":{"name":"us-central1-api"},"extension":{},"message":"[runtime-status] [42000] Ephemeral server handling POST request"}}
[info] >  Payment Request Received >>>  2999 {"user":"Payment Request Received >>>  2999","metadata":{"emulator":{"name":"functions"},"function":{"name":"us-central1-api"},"extension":{},"message":"\u001b[90m> \u001b[39m Payment Request Received >>>  2999"}}
[debug] [2022-07-30T09:54:22.382Z] [runtime-status] [42000] Ephemeral server survived. {"metadata":{"emulator":{"name":"functions"},"function":{"name":"us-central1-api"},"extension":{},"message":"[runtime-status] [42000] Ephemeral server survived."}}
[info] i  functions: Finished "api" in ~1s {"metadata":{"emulator":{"name":"functions"},"function":{"name":"us-central1-api"},"extension":{},"message":"Finished \"api\" in ~1s"}}
[debug] [2022-07-30T09:54:22.507Z] [worker-us-central1-api-1091980d-1cf6-422f-adbd-b34518ce6f2f]: IDLE {"metadata":{"emulator":{"name":"functions"},"message":"[worker-us-central1-api-1091980d-1cf6-422f-adbd-b34518ce6f2f]: IDLE"}}
[debug] [2022-07-30T09:54:22.508Z] [work-queue] {"queueLength":0,"workRunningCount":1}
[info] i  functions: Finished "api" in ~1s {"metadata":{"emulator":{"name":"functions"},"function":{"name":"us-central1-api"},"extension":{},"message":"Finished \"api\" in ~1s"}}
[debug] [2022-07-30T09:54:22.761Z] [worker-us-central1-api-eb8eeaf8-39fa-4909-862e-1d6db62a0a12]: IDLE {"metadata":{"emulator":{"name":"functions"},"message":"[worker-us-central1-api-eb8eeaf8-39fa-4909-862e-1d6db62a0a12]: IDLE"}}
[debug] [2022-07-30T09:54:22.762Z] [work-queue] {"queueLength":0,"workRunningCount":0}
[debug] [2022-07-30T09:55:54.696Z] [work-queue] {"queueLength":1,"workRunningCount":0}
[debug] [2022-07-30T09:55:54.696Z] [work-queue] {"queueLength":0,"workRunningCount":1}
[debug] [2022-07-30T09:55:54.696Z] Accepted request POST /clone-53496/us-central1/api/payments/create?total=446 --> us-central1-api
[debug] [2022-07-30T09:55:54.696Z] [worker-pool] submitWork(triggerId=us-central1-api) {"metadata":{"emulator":{"name":"functions"},"message":"[worker-pool] submitWork(triggerId=us-central1-api)"}}
[debug] [2022-07-30T09:55:54.697Z] [worker-us-central1-api-1091980d-1cf6-422f-adbd-b34518ce6f2f]: BUSY {"metadata":{"emulator":{"name":"functions"},"message":"[worker-us-central1-api-1091980d-1cf6-422f-adbd-b34518ce6f2f]: BUSY"}}
[debug] [2022-07-30T09:55:54.698Z] [runtime-status] [14264] Beginning invocation function api! {"metadata":{"emulator":{"name":"functions"},"function":{"name":"us-central1-api"},"extension":{},"message":"[runtime-status] [14264] Beginning invocation function api!"}}
[info] i  functions: Beginning execution of "api" {"metadata":{"emulator":{"name":"functions"},"function":{"name":"us-central1-api"},"extension":{},"message":"Beginning execution of \"api\""}}
[debug] [2022-07-30T09:55:54.699Z] [runtime-status] [14264] Running api in signature http {"metadata":{"emulator":{"name":"functions"},"function":{"name":"us-central1-api"},"extension":{},"message":"[runtime-status] [14264] Running api in signature http"}}
[debug] [2022-07-30T09:55:54.701Z] [runtime-status] [14264] Listening to port: \\?\pipe\fire_emu_abe93e88490f6cb3 {"metadata":{"emulator":{"name":"functions"},"function":{"name":"us-central1-api"},"extension":{},"message":"[runtime-status] [14264] Listening to port: \\\\?\\pipe\\fire_emu_abe93e88490f6cb3"}}
[debug] [2022-07-30T09:55:54.817Z] [functions] Runtime ready! Sending request! {"metadata":{"emulator":{"name":"functions"},"message":"[functions] Runtime ready! Sending request!"}}
[debug] [2022-07-30T09:55:54.817Z] [functions] Got req.url=/clone-53496/us-central1/api/payments/create?total=446, mapping to path=/payments/create?total=446 {"metadata":{"emulator":{"name":"functions"},"message":"[functions] Got req.url=/clone-53496/us-central1/api/payments/create?total=446, mapping to path=/payments/create?total=446"}}
[debug] [2022-07-30T09:55:54.820Z] [runtime-status] [14264] Ephemeral server handling POST request {"metadata":{"emulator":{"name":"functions"},"function":{"name":"us-central1-api"},"extension":{},"message":"[runtime-status] [14264] Ephemeral server handling POST request"}}
[info] >  Payment Request Received >>>  446 {"user":"Payment Request Received >>>  446","metadata":{"emulator":{"name":"functions"},"function":{"name":"us-central1-api"},"extension":{},"message":"\u001b[90m> \u001b[39m Payment Request Received >>>  446"}}
[debug] [2022-07-30T09:55:54.823Z] [runtime-status] [14264] Ephemeral server survived. {"metadata":{"emulator":{"name":"functions"},"function":{"name":"us-central1-api"},"extension":{},"message":"[runtime-status] [14264] Ephemeral server survived."}}
[debug] [2022-07-30T09:55:54.870Z] [work-queue] {"queueLength":1,"workRunningCount":1}
[debug] [2022-07-30T09:55:54.870Z] [work-queue] {"queueLength":0,"workRunningCount":2}
[debug] [2022-07-30T09:55:54.870Z] Accepted request POST /clone-53496/us-central1/api/payments/create?total=446 --> us-central1-api
[debug] [2022-07-30T09:55:54.870Z] [worker-pool] submitWork(triggerId=us-central1-api) {"metadata":{"emulator":{"name":"functions"},"message":"[worker-pool] submitWork(triggerId=us-central1-api)"}}
[debug] [2022-07-30T09:55:54.870Z] [worker-us-central1-api-eb8eeaf8-39fa-4909-862e-1d6db62a0a12]: BUSY {"metadata":{"emulator":{"name":"functions"},"message":"[worker-us-central1-api-eb8eeaf8-39fa-4909-862e-1d6db62a0a12]: BUSY"}}
[debug] [2022-07-30T09:55:54.871Z] [runtime-status] [42000] Beginning invocation function api! {"metadata":{"emulator":{"name":"functions"},"function":{"name":"us-central1-api"},"extension":{},"message":"[runtime-status] [42000] Beginning invocation function api!"}}
[info] i  functions: Beginning execution of "api" {"metadata":{"emulator":{"name":"functions"},"function":{"name":"us-central1-api"},"extension":{},"message":"Beginning execution of \"api\""}}
[debug] [2022-07-30T09:55:54.872Z] [runtime-status] [42000] Running api in signature http {"metadata":{"emulator":{"name":"functions"},"function":{"name":"us-central1-api"},"extension":{},"message":"[runtime-status] [42000] Running api in signature http"}}
[debug] [2022-07-30T09:55:54.875Z] [runtime-status] [42000] Listening to port: \\?\pipe\fire_emu_528c81534e78dcaa {"metadata":{"emulator":{"name":"functions"},"function":{"name":"us-central1-api"},"extension":{},"message":"[runtime-status] [42000] Listening to port: \\\\?\\pipe\\fire_emu_528c81534e78dcaa"}}
[debug] [2022-07-30T09:55:54.980Z] [functions] Runtime ready! Sending request! {"metadata":{"emulator":{"name":"functions"},"message":"[functions] Runtime ready! Sending request!"}}
[debug] [2022-07-30T09:55:54.980Z] [functions] Got req.url=/clone-53496/us-central1/api/payments/create?total=446, mapping to path=/payments/create?total=446 {"metadata":{"emulator":{"name":"functions"},"message":"[functions] Got req.url=/clone-53496/us-central1/api/payments/create?total=446, mapping to path=/payments/create?total=446"}}
[debug] [2022-07-30T09:55:54.982Z] [runtime-status] [42000] Ephemeral server handling POST request {"metadata":{"emulator":{"name":"functions"},"function":{"name":"us-central1-api"},"extension":{},"message":"[runtime-status] [42000] Ephemeral server handling POST request"}}
[info] >  Payment Request Received >>>  446 {"user":"Payment Request Received >>>  446","metadata":{"emulator":{"name":"functions"},"function":{"name":"us-central1-api"},"extension":{},"message":"\u001b[90m> \u001b[39m Payment Request Received >>>  446"}}
[debug] [2022-07-30T09:55:54.985Z] [runtime-status] [42000] Ephemeral server survived. {"metadata":{"emulator":{"name":"functions"},"function":{"name":"us-central1-api"},"extension":{},"message":"[runtime-status] [42000] Ephemeral server survived."}}
[info] i  functions: Finished "api" in ~1s {"metadata":{"emulator":{"name":"functions"},"function":{"name":"us-central1-api"},"extension":{},"message":"Finished \"api\" in ~1s"}}
[debug] [2022-07-30T09:55:55.212Z] [worker-us-central1-api-1091980d-1cf6-422f-adbd-b34518ce6f2f]: IDLE {"metadata":{"emulator":{"name":"functions"},"message":"[worker-us-central1-api-1091980d-1cf6-422f-adbd-b34518ce6f2f]: IDLE"}}
[debug] [2022-07-30T09:55:55.213Z] [work-queue] {"queueLength":0,"workRunningCount":1}
[info] i  functions: Finished "api" in ~1s {"metadata":{"emulator":{"name":"functions"},"function":{"name":"us-central1-api"},"extension":{},"message":"Finished \"api\" in ~1s"}}
[debug] [2022-07-30T09:55:55.370Z] [worker-us-central1-api-eb8eeaf8-39fa-4909-862e-1d6db62a0a12]: IDLE {"metadata":{"emulator":{"name":"functions"},"message":"[worker-us-central1-api-eb8eeaf8-39fa-4909-862e-1d6db62a0a12]: IDLE"}}
[debug] [2022-07-30T09:55:55.370Z] [work-queue] {"queueLength":0,"workRunningCount":0}
[debug] [2022-07-30T09:57:41.138Z] [work-queue] {"queueLength":1,"workRunningCount":0}
[debug] [2022-07-30T09:57:41.138Z] [work-queue] {"queueLength":0,"workRunningCount":1}
[debug] [2022-07-30T09:57:41.138Z] Accepted request POST /clone-53496/us-central1/api/payments/create?total=446 --> us-central1-api
[debug] [2022-07-30T09:57:41.138Z] [worker-pool] submitWork(triggerId=us-central1-api) {"metadata":{"emulator":{"name":"functions"},"message":"[worker-pool] submitWork(triggerId=us-central1-api)"}}
[debug] [2022-07-30T09:57:41.139Z] [worker-us-central1-api-1091980d-1cf6-422f-adbd-b34518ce6f2f]: BUSY {"metadata":{"emulator":{"name":"functions"},"message":"[worker-us-central1-api-1091980d-1cf6-422f-adbd-b34518ce6f2f]: BUSY"}}
[debug] [2022-07-30T09:57:41.140Z] [work-queue] {"queueLength":1,"workRunningCount":1}
[debug] [2022-07-30T09:57:41.140Z] [work-queue] {"queueLength":0,"workRunningCount":2}
[debug] [2022-07-30T09:57:41.140Z] Accepted request POST /clone-53496/us-central1/api/payments/create?total=446 --> us-central1-api
[debug] [2022-07-30T09:57:41.140Z] [worker-pool] submitWork(triggerId=us-central1-api) {"metadata":{"emulator":{"name":"functions"},"message":"[worker-pool] submitWork(triggerId=us-central1-api)"}}
[debug] [2022-07-30T09:57:41.140Z] [worker-us-central1-api-eb8eeaf8-39fa-4909-862e-1d6db62a0a12]: BUSY {"metadata":{"emulator":{"name":"functions"},"message":"[worker-us-central1-api-eb8eeaf8-39fa-4909-862e-1d6db62a0a12]: BUSY"}}
[debug] [2022-07-30T09:57:41.141Z] [runtime-status] [14264] Beginning invocation function api! {"metadata":{"emulator":{"name":"functions"},"function":{"name":"us-central1-api"},"extension":{},"message":"[runtime-status] [14264] Beginning invocation function api!"}}
[info] i  functions: Beginning execution of "api" {"metadata":{"emulator":{"name":"functions"},"function":{"name":"us-central1-api"},"extension":{},"message":"Beginning execution of \"api\""}}
[debug] [2022-07-30T09:57:41.142Z] [runtime-status] [14264] Running api in signature http {"metadata":{"emulator":{"name":"functions"},"function":{"name":"us-central1-api"},"extension":{},"message":"[runtime-status] [14264] Running api in signature http"}}
[debug] [2022-07-30T09:57:41.142Z] [runtime-status] [14264] Listening to port: \\?\pipe\fire_emu_abe93e88490f6cb3 {"metadata":{"emulator":{"name":"functions"},"function":{"name":"us-central1-api"},"extension":{},"message":"[runtime-status] [14264] Listening to port: \\\\?\\pipe\\fire_emu_abe93e88490f6cb3"}}
[debug] [2022-07-30T09:57:41.142Z] [runtime-status] [42000] Beginning invocation function api! {"metadata":{"emulator":{"name":"functions"},"function":{"name":"us-central1-api"},"extension":{},"message":"[runtime-status] [42000] Beginning invocation function api!"}}
[info] i  functions: Beginning execution of "api" {"metadata":{"emulator":{"name":"functions"},"function":{"name":"us-central1-api"},"extension":{},"message":"Beginning execution of \"api\""}}
[debug] [2022-07-30T09:57:41.143Z] [runtime-status] [42000] Running api in signature http {"metadata":{"emulator":{"name":"functions"},"function":{"name":"us-central1-api"},"extension":{},"message":"[runtime-status] [42000] Running api in signature http"}}
[debug] [2022-07-30T09:57:41.144Z] [runtime-status] [42000] Listening to port: \\?\pipe\fire_emu_528c81534e78dcaa {"metadata":{"emulator":{"name":"functions"},"function":{"name":"us-central1-api"},"extension":{},"message":"[runtime-status] [42000] Listening to port: \\\\?\\pipe\\fire_emu_528c81534e78dcaa"}}
[debug] [2022-07-30T09:57:41.255Z] [functions] Runtime ready! Sending request! {"metadata":{"emulator":{"name":"functions"},"message":"[functions] Runtime ready! Sending request!"}}
[debug] [2022-07-30T09:57:41.256Z] [functions] Got req.url=/clone-53496/us-central1/api/payments/create?total=446, mapping to path=/payments/create?total=446 {"metadata":{"emulator":{"name":"functions"},"message":"[functions] Got req.url=/clone-53496/us-central1/api/payments/create?total=446, mapping to path=/payments/create?total=446"}}
[debug] [2022-07-30T09:57:41.258Z] [functions] Runtime ready! Sending request! {"metadata":{"emulator":{"name":"functions"},"message":"[functions] Runtime ready! Sending request!"}}
[debug] [2022-07-30T09:57:41.259Z] [functions] Got req.url=/clone-53496/us-central1/api/payments/create?total=446, mapping to path=/payments/create?total=446 {"metadata":{"emulator":{"name":"functions"},"message":"[functions] Got req.url=/clone-53496/us-central1/api/payments/create?total=446, mapping to path=/payments/create?total=446"}}
[debug] [2022-07-30T09:57:41.260Z] [runtime-status] [14264] Ephemeral server handling POST request {"metadata":{"emulator":{"name":"functions"},"function":{"name":"us-central1-api"},"extension":{},"message":"[runtime-status] [14264] Ephemeral server handling POST request"}}
[info] >  Payment Request Received >>>  446 {"user":"Payment Request Received >>>  446","metadata":{"emulator":{"name":"functions"},"function":{"name":"us-central1-api"},"extension":{},"message":"\u001b[90m> \u001b[39m Payment Request Received >>>  446"}}
[debug] [2022-07-30T09:57:41.263Z] [runtime-status] [14264] Ephemeral server survived. {"metadata":{"emulator":{"name":"functions"},"function":{"name":"us-central1-api"},"extension":{},"message":"[runtime-status] [14264] Ephemeral server survived."}}
[debug] [2022-07-30T09:57:41.264Z] [runtime-status] [42000] Ephemeral server handling POST request {"metadata":{"emulator":{"name":"functions"},"function":{"name":"us-central1-api"},"extension":{},"message":"[runtime-status] [42000] Ephemeral server handling POST request"}}
[info] >  Payment Request Received >>>  446 {"user":"Payment Request Received >>>  446","metadata":{"emulator":{"name":"functions"},"function":{"name":"us-central1-api"},"extension":{},"message":"\u001b[90m> \u001b[39m Payment Request Received >>>  446"}}
[debug] [2022-07-30T09:57:41.268Z] [runtime-status] [42000] Ephemeral server survived. {"metadata":{"emulator":{"name":"functions"},"function":{"name":"us-central1-api"},"extension":{},"message":"[runtime-status] [42000] Ephemeral server survived."}}
[info] i  functions: Finished "api" in ~1s {"metadata":{"emulator":{"name":"functions"},"function":{"name":"us-central1-api"},"extension":{},"message":"Finished \"api\" in ~1s"}}
[debug] [2022-07-30T09:57:41.632Z] [worker-us-central1-api-eb8eeaf8-39fa-4909-862e-1d6db62a0a12]: IDLE {"metadata":{"emulator":{"name":"functions"},"message":"[worker-us-central1-api-eb8eeaf8-39fa-4909-862e-1d6db62a0a12]: IDLE"}}
[debug] [2022-07-30T09:57:41.633Z] [work-queue] {"queueLength":0,"workRunningCount":1}
[info] i  functions: Finished "api" in ~1s {"metadata":{"emulator":{"name":"functions"},"function":{"name":"us-central1-api"},"extension":{},"message":"Finished \"api\" in ~1s"}}
[debug] [2022-07-30T09:57:41.687Z] [worker-us-central1-api-1091980d-1cf6-422f-adbd-b34518ce6f2f]: IDLE {"metadata":{"emulator":{"name":"functions"},"message":"[worker-us-central1-api-1091980d-1cf6-422f-adbd-b34518ce6f2f]: IDLE"}}
[debug] [2022-07-30T09:57:41.687Z] [work-queue] {"queueLength":0,"workRunningCount":0}
[debug] [2022-07-30T09:58:16.762Z] [work-queue] {"queueLength":1,"workRunningCount":0}
[debug] [2022-07-30T09:58:16.762Z] [work-queue] {"queueLength":0,"workRunningCount":1}
[debug] [2022-07-30T09:58:16.762Z] Accepted request POST /clone-53496/us-central1/api/payments/create?total=446 --> us-central1-api
[debug] [2022-07-30T09:58:16.762Z] [worker-pool] submitWork(triggerId=us-central1-api) {"metadata":{"emulator":{"name":"functions"},"message":"[worker-pool] submitWork(triggerId=us-central1-api)"}}
[debug] [2022-07-30T09:58:16.763Z] [worker-us-central1-api-1091980d-1cf6-422f-adbd-b34518ce6f2f]: BUSY {"metadata":{"emulator":{"name":"functions"},"message":"[worker-us-central1-api-1091980d-1cf6-422f-adbd-b34518ce6f2f]: BUSY"}}
[debug] [2022-07-30T09:58:16.765Z] [runtime-status] [14264] Beginning invocation function api! {"metadata":{"emulator":{"name":"functions"},"function":{"name":"us-central1-api"},"extension":{},"message":"[runtime-status] [14264] Beginning invocation function api!"}}
[info] i  functions: Beginning execution of "api" {"metadata":{"emulator":{"name":"functions"},"function":{"name":"us-central1-api"},"extension":{},"message":"Beginning execution of \"api\""}}
[debug] [2022-07-30T09:58:16.766Z] [runtime-status] [14264] Running api in signature http {"metadata":{"emulator":{"name":"functions"},"function":{"name":"us-central1-api"},"extension":{},"message":"[runtime-status] [14264] Running api in signature http"}}
[debug] [2022-07-30T09:58:16.766Z] [runtime-status] [14264] Listening to port: \\?\pipe\fire_emu_abe93e88490f6cb3 {"metadata":{"emulator":{"name":"functions"},"function":{"name":"us-central1-api"},"extension":{},"message":"[runtime-status] [14264] Listening to port: \\\\?\\pipe\\fire_emu_abe93e88490f6cb3"}}
[debug] [2022-07-30T09:58:16.778Z] [work-queue] {"queueLength":1,"workRunningCount":1}
[debug] [2022-07-30T09:58:16.778Z] [work-queue] {"queueLength":0,"workRunningCount":2}
[debug] [2022-07-30T09:58:16.778Z] Accepted request POST /clone-53496/us-central1/api/payments/create?total=446 --> us-central1-api
[debug] [2022-07-30T09:58:16.779Z] [worker-pool] submitWork(triggerId=us-central1-api) {"metadata":{"emulator":{"name":"functions"},"message":"[worker-pool] submitWork(triggerId=us-central1-api)"}}
[debug] [2022-07-30T09:58:16.779Z] [worker-us-central1-api-eb8eeaf8-39fa-4909-862e-1d6db62a0a12]: BUSY {"metadata":{"emulator":{"name":"functions"},"message":"[worker-us-central1-api-eb8eeaf8-39fa-4909-862e-1d6db62a0a12]: BUSY"}}
[debug] [2022-07-30T09:58:16.781Z] [runtime-status] [42000] Beginning invocation function api! {"metadata":{"emulator":{"name":"functions"},"function":{"name":"us-central1-api"},"extension":{},"message":"[runtime-status] [42000] Beginning invocation function api!"}}
[info] i  functions: Beginning execution of "api" {"metadata":{"emulator":{"name":"functions"},"function":{"name":"us-central1-api"},"extension":{},"message":"Beginning execution of \"api\""}}
[debug] [2022-07-30T09:58:16.782Z] [runtime-status] [42000] Running api in signature http {"metadata":{"emulator":{"name":"functions"},"function":{"name":"us-central1-api"},"extension":{},"message":"[runtime-status] [42000] Running api in signature http"}}
[debug] [2022-07-30T09:58:16.782Z] [runtime-status] [42000] Listening to port: \\?\pipe\fire_emu_528c81534e78dcaa {"metadata":{"emulator":{"name":"functions"},"function":{"name":"us-central1-api"},"extension":{},"message":"[runtime-status] [42000] Listening to port: \\\\?\\pipe\\fire_emu_528c81534e78dcaa"}}
[debug] [2022-07-30T09:58:16.876Z] [functions] Runtime ready! Sending request! {"metadata":{"emulator":{"name":"functions"},"message":"[functions] Runtime ready! Sending request!"}}
[debug] [2022-07-30T09:58:16.876Z] [functions] Got req.url=/clone-53496/us-central1/api/payments/create?total=446, mapping to path=/payments/create?total=446 {"metadata":{"emulator":{"name":"functions"},"message":"[functions] Got req.url=/clone-53496/us-central1/api/payments/create?total=446, mapping to path=/payments/create?total=446"}}
[debug] [2022-07-30T09:58:16.878Z] [runtime-status] [14264] Ephemeral server handling POST request {"metadata":{"emulator":{"name":"functions"},"function":{"name":"us-central1-api"},"extension":{},"message":"[runtime-status] [14264] Ephemeral server handling POST request"}}
[info] >  Payment Request Received >>>  446 {"user":"Payment Request Received >>>  446","metadata":{"emulator":{"name":"functions"},"function":{"name":"us-central1-api"},"extension":{},"message":"\u001b[90m> \u001b[39m Payment Request Received >>>  446"}}
[debug] [2022-07-30T09:58:16.881Z] [runtime-status] [14264] Ephemeral server survived. {"metadata":{"emulator":{"name":"functions"},"function":{"name":"us-central1-api"},"extension":{},"message":"[runtime-status] [14264] Ephemeral server survived."}}
[debug] [2022-07-30T09:58:16.885Z] [functions] Runtime ready! Sending request! {"metadata":{"emulator":{"name":"functions"},"message":"[functions] Runtime ready! Sending request!"}}
[debug] [2022-07-30T09:58:16.885Z] [functions] Got req.url=/clone-53496/us-central1/api/payments/create?total=446, mapping to path=/payments/create?total=446 {"metadata":{"emulator":{"name":"functions"},"message":"[functions] Got req.url=/clone-53496/us-central1/api/payments/create?total=446, mapping to path=/payments/create?total=446"}}
[debug] [2022-07-30T09:58:16.889Z] [runtime-status] [42000] Ephemeral server handling POST request {"metadata":{"emulator":{"name":"functions"},"function":{"name":"us-central1-api"},"extension":{},"message":"[runtime-status] [42000] Ephemeral server handling POST request"}}
[info] >  Payment Request Received >>>  446 {"user":"Payment Request Received >>>  446","metadata":{"emulator":{"name":"functions"},"function":{"name":"us-central1-api"},"extension":{},"message":"\u001b[90m> \u001b[39m Payment Request Received >>>  446"}}
[debug] [2022-07-30T09:58:16.891Z] [runtime-status] [42000] Ephemeral server survived. {"metadata":{"emulator":{"name":"functions"},"function":{"name":"us-central1-api"},"extension":{},"message":"[runtime-status] [42000] Ephemeral server survived."}}
[info] i  functions: Finished "api" in ~1s {"metadata":{"emulator":{"name":"functions"},"function":{"name":"us-central1-api"},"extension":{},"message":"Finished \"api\" in ~1s"}}
[debug] [2022-07-30T09:58:17.233Z] [worker-us-central1-api-1091980d-1cf6-422f-adbd-b34518ce6f2f]: IDLE {"metadata":{"emulator":{"name":"functions"},"message":"[worker-us-central1-api-1091980d-1cf6-422f-adbd-b34518ce6f2f]: IDLE"}}
[debug] [2022-07-30T09:58:17.233Z] [work-queue] {"queueLength":0,"workRunningCount":1}
[info] i  functions: Finished "api" in ~1s {"metadata":{"emulator":{"name":"functions"},"function":{"name":"us-central1-api"},"extension":{},"message":"Finished \"api\" in ~1s"}}
[debug] [2022-07-30T09:58:17.267Z] [worker-us-central1-api-eb8eeaf8-39fa-4909-862e-1d6db62a0a12]: IDLE {"metadata":{"emulator":{"name":"functions"},"message":"[worker-us-central1-api-eb8eeaf8-39fa-4909-862e-1d6db62a0a12]: IDLE"}}
[debug] [2022-07-30T09:58:17.268Z] [work-queue] {"queueLength":0,"workRunningCount":0}
